\BOOKMARK [0][-]{chapter.1}{\376\377\0001\000\040\000D\000a\000t\000a\000\040\000S\000t\000r\000u\000c\000t\000u\000r\000e\000\040\000I\000n\000d\000e\000x}{}% 1
\BOOKMARK [1][-]{section.1.1}{\376\377\0001\000.\0001\000\040\000D\000a\000t\000a\000\040\000S\000t\000r\000u\000c\000t\000u\000r\000e\000s}{chapter.1}% 2
\BOOKMARK [0][-]{chapter.2}{\376\377\0002\000\040\000F\000i\000l\000e\000\040\000I\000n\000d\000e\000x}{}% 3
\BOOKMARK [1][-]{section.2.1}{\376\377\0002\000.\0001\000\040\000F\000i\000l\000e\000\040\000L\000i\000s\000t}{chapter.2}% 4
\BOOKMARK [0][-]{chapter.3}{\376\377\0003\000\040\000D\000a\000t\000a\000\040\000S\000t\000r\000u\000c\000t\000u\000r\000e\000\040\000D\000o\000c\000u\000m\000e\000n\000t\000a\000t\000i\000o\000n}{}% 5
\BOOKMARK [1][-]{section.3.1}{\376\377\0003\000.\0001\000\040\000\137\000b\000t\000t\000\040\000S\000t\000r\000u\000c\000t\000\040\000R\000e\000f\000e\000r\000e\000n\000c\000e}{chapter.3}% 6
\BOOKMARK [2][-]{subsection.3.1.1}{\376\377\0003\000.\0001\000.\0001\000\040\000D\000e\000t\000a\000i\000l\000e\000d\000\040\000D\000e\000s\000c\000r\000i\000p\000t\000i\000o\000n}{section.3.1}% 7
\BOOKMARK [1][-]{section.3.2}{\376\377\0003\000.\0002\000\040\000\137\000E\000n\000t\000i\000t\000y\000\040\000S\000t\000r\000u\000c\000t\000\040\000R\000e\000f\000e\000r\000e\000n\000c\000e}{chapter.3}% 8
\BOOKMARK [2][-]{subsection.3.2.1}{\376\377\0003\000.\0002\000.\0001\000\040\000D\000e\000t\000a\000i\000l\000e\000d\000\040\000D\000e\000s\000c\000r\000i\000p\000t\000i\000o\000n}{section.3.2}% 9
\BOOKMARK [1][-]{section.3.3}{\376\377\0003\000.\0003\000\040\000\137\000H\000T\000\040\000S\000t\000r\000u\000c\000t\000\040\000R\000e\000f\000e\000r\000e\000n\000c\000e}{chapter.3}% 10
\BOOKMARK [2][-]{subsection.3.3.1}{\376\377\0003\000.\0003\000.\0001\000\040\000D\000e\000t\000a\000i\000l\000e\000d\000\040\000D\000e\000s\000c\000r\000i\000p\000t\000i\000o\000n}{section.3.3}% 11
\BOOKMARK [1][-]{section.3.4}{\376\377\0003\000.\0004\000\040\000\137\000i\000n\000f\000\040\000S\000t\000r\000u\000c\000t\000\040\000R\000e\000f\000e\000r\000e\000n\000c\000e}{chapter.3}% 12
\BOOKMARK [2][-]{subsection.3.4.1}{\376\377\0003\000.\0004\000.\0001\000\040\000D\000e\000t\000a\000i\000l\000e\000d\000\040\000D\000e\000s\000c\000r\000i\000p\000t\000i\000o\000n}{section.3.4}% 13
\BOOKMARK [1][-]{section.3.5}{\376\377\0003\000.\0005\000\040\000\137\000i\000t\000e\000m\000\040\000S\000t\000r\000u\000c\000t\000\040\000R\000e\000f\000e\000r\000e\000n\000c\000e}{chapter.3}% 14
\BOOKMARK [2][-]{subsection.3.5.1}{\376\377\0003\000.\0005\000.\0001\000\040\000D\000e\000t\000a\000i\000l\000e\000d\000\040\000D\000e\000s\000c\000r\000i\000p\000t\000i\000o\000n}{section.3.5}% 15
\BOOKMARK [1][-]{section.3.6}{\376\377\0003\000.\0006\000\040\000\137\000m\0004\000\040\000S\000t\000r\000u\000c\000t\000\040\000R\000e\000f\000e\000r\000e\000n\000c\000e}{chapter.3}% 16
\BOOKMARK [2][-]{subsection.3.6.1}{\376\377\0003\000.\0006\000.\0001\000\040\000D\000e\000t\000a\000i\000l\000e\000d\000\040\000D\000e\000s\000c\000r\000i\000p\000t\000i\000o\000n}{section.3.6}% 17
\BOOKMARK [1][-]{section.3.7}{\376\377\0003\000.\0007\000\040\000\137\000M\000a\000p\000D\000a\000t\000a\000\040\000S\000t\000r\000u\000c\000t\000\040\000R\000e\000f\000e\000r\000e\000n\000c\000e}{chapter.3}% 18
\BOOKMARK [2][-]{subsection.3.7.1}{\376\377\0003\000.\0007\000.\0001\000\040\000D\000e\000t\000a\000i\000l\000e\000d\000\040\000D\000e\000s\000c\000r\000i\000p\000t\000i\000o\000n}{section.3.7}% 19
\BOOKMARK [1][-]{section.3.8}{\376\377\0003\000.\0008\000\040\000\137\000r\000e\000n\000d\000e\000r\000D\000a\000t\000a\000\040\000S\000t\000r\000u\000c\000t\000\040\000R\000e\000f\000e\000r\000e\000n\000c\000e}{chapter.3}% 20
\BOOKMARK [2][-]{subsection.3.8.1}{\376\377\0003\000.\0008\000.\0001\000\040\000D\000e\000t\000a\000i\000l\000e\000d\000\040\000D\000e\000s\000c\000r\000i\000p\000t\000i\000o\000n}{section.3.8}% 21
\BOOKMARK [1][-]{section.3.9}{\376\377\0003\000.\0009\000\040\000\137\000s\000c\000e\000n\000e\000\040\000S\000t\000r\000u\000c\000t\000\040\000R\000e\000f\000e\000r\000e\000n\000c\000e}{chapter.3}% 22
\BOOKMARK [2][-]{subsection.3.9.1}{\376\377\0003\000.\0009\000.\0001\000\040\000D\000e\000t\000a\000i\000l\000e\000d\000\040\000D\000e\000s\000c\000r\000i\000p\000t\000i\000o\000n}{section.3.9}% 23
\BOOKMARK [2][-]{subsection.3.9.2}{\376\377\0003\000.\0009\000.\0002\000\040\000F\000i\000e\000l\000d\000\040\000D\000o\000c\000u\000m\000e\000n\000t\000a\000t\000i\000o\000n}{section.3.9}% 24
\BOOKMARK [3][-]{subsubsection.3.9.2.1}{\376\377\0003\000.\0009\000.\0002\000.\0001\000\040\000i\000n\000f\000S\000c\000e\000n\000e}{subsection.3.9.2}% 25
\BOOKMARK [1][-]{section.3.10}{\376\377\0003\000.\0001\0000\000\040\000\137\000t\000i\000l\000e\000M\000a\000p\000\040\000S\000t\000r\000u\000c\000t\000\040\000R\000e\000f\000e\000r\000e\000n\000c\000e}{chapter.3}% 26
\BOOKMARK [2][-]{subsection.3.10.1}{\376\377\0003\000.\0001\0000\000.\0001\000\040\000D\000e\000t\000a\000i\000l\000e\000d\000\040\000D\000e\000s\000c\000r\000i\000p\000t\000i\000o\000n}{section.3.10}% 27
\BOOKMARK [0][-]{chapter.4}{\376\377\0004\000\040\000F\000i\000l\000e\000\040\000D\000o\000c\000u\000m\000e\000n\000t\000a\000t\000i\000o\000n}{}% 28
\BOOKMARK [1][-]{section.4.1}{\376\377\0004\000.\0001\000\040\000E\000n\000g\000i\000n\000e\000.\000h}{chapter.4}% 29
\BOOKMARK [1][-]{section.4.2}{\376\377\0004\000.\0002\000\040\000U\000p\000d\000a\000t\000e\000s\000.\000h}{chapter.4}% 30
\BOOKMARK [1][-]{section.4.3}{\376\377\0004\000.\0003\000\040\000E\000n\000t\000i\000t\000y\000.\000h}{chapter.4}% 31
\BOOKMARK [1][-]{section.4.4}{\376\377\0004\000.\0004\000\040\000G\000a\000m\000e\000.\000h}{chapter.4}% 32
\BOOKMARK [1][-]{section.4.5}{\376\377\0004\000.\0005\000\040\000O\000n\000U\000p\000d\000a\000t\000e\000.\000h}{chapter.4}% 33
\BOOKMARK [1][-]{section.4.6}{\376\377\0004\000.\0006\000\040\000M\000e\000n\000u\000S\000c\000e\000n\000e\000.\000h}{chapter.4}% 34
\BOOKMARK [1][-]{section.4.7}{\376\377\0004\000.\0007\000\040\000S\000c\000e\000n\000e\000s\000M\000a\000n\000a\000g\000e\000r\000.\000h}{chapter.4}% 35
\BOOKMARK [1][-]{section.4.8}{\376\377\0004\000.\0008\000\040\000L\000o\000a\000d\000T\000e\000x\000t\000u\000r\000e\000s\000.\000h}{chapter.4}% 36
\BOOKMARK [1][-]{section.4.9}{\376\377\0004\000.\0009\000\040\000M\000a\000p\000.\000h}{chapter.4}% 37
\BOOKMARK [1][-]{section.4.10}{\376\377\0004\000.\0001\0000\000\040\000T\000e\000x\000t\000u\000r\000e\000s\000.\000h}{chapter.4}% 38
\BOOKMARK [1][-]{section.4.11}{\376\377\0004\000.\0001\0001\000\040\000H\000a\000s\000h\000T\000a\000b\000l\000e\000.\000h}{chapter.4}% 39
\BOOKMARK [1][-]{section.4.12}{\376\377\0004\000.\0001\0002\000\040\000I\000n\000f\000o\000r\000m\000a\000t\000i\000o\000n\000.\000h}{chapter.4}% 40
\BOOKMARK [1][-]{section.4.13}{\376\377\0004\000.\0001\0003\000\040\000O\000p\000e\000r\000a\000d\000o\000r\000O\000v\000e\000r\000l\000o\000a\000d\000.\000h}{chapter.4}% 41
\BOOKMARK [1][-]{section.4.14}{\376\377\0004\000.\0001\0004\000\040\000S\000h\000a\000d\000e\000r\000s\000.\000h}{chapter.4}% 42
\BOOKMARK [1][-]{section.4.15}{\376\377\0004\000.\0001\0005\000\040\000T\000r\000a\000n\000s\000f\000o\000r\000m\000s\000.\000h}{chapter.4}% 43
\BOOKMARK [0][-]{section*.11}{\376\377\000I\000n\000d\000e\000x}{}% 44
